<?xml version="1.0" encoding="UTF-8"?>
<testng-results skipped="0" failed="0" ignored="0" total="1" passed="1">
  <reporter-output>
  </reporter-output>
  <suite name="Suite" duration-ms="42" started-at="2022-04-13T12:09:22 IST" finished-at="2022-04-13T12:09:22 IST">
    <groups>
    </groups>
    <test name="Test" duration-ms="42" started-at="2022-04-13T12:09:22 IST" finished-at="2022-04-13T12:09:22 IST">
      <class name="com.testng.Parameter">
        <test-method status="PASS" signature="inputData(java.lang.String)[pri:0, instance:com.testng.Parameter@1e7c7811]" name="inputData" duration-ms="7" started-at="2022-04-13T12:09:22 IST" finished-at="2022-04-13T12:09:22 IST">
          <params>
            <param index="0">
              <value>
                <![CDATA[AGOY]]>
              </value>
            </param>
          </params>
          <reporter-output>
          </reporter-output>
        </test-method> <!-- inputData -->
      </class> <!-- com.testng.Parameter -->
    </test> <!-- Test -->
  </suite> <!-- Suite -->
</testng-results>
